**********************
Windows PowerShell transcript start
Start time: 20260315151814
Username: LUISA\ppala
RunAs User: LUISA\ppala
Configuration Name: 
Machine: LUISA (Microsoft Windows NT 10.0.26200.0)
Host Application: PowerShell -ExecutionPolicy Bypass -File C:\Dropbox\01. Brain\11. GitHub\ShakerMaker\shakermaker_windows_compilation_files\SCRIPTS\01_shakermaker_setup.ps1
Process ID: 41972
PSVersion: 5.1.26100.7920
PSEdition: Desktop
PSCompatibleVersions: 1.0, 2.0, 3.0, 4.0, 5.0, 5.1.26100.7920
BuildVersion: 10.0.26100.7920
CLRVersion: 4.0.30319.42000
WSManStackVersion: 3.0
PSRemotingProtocolVersion: 2.3
SerializationVersion: 1.1.0.1
**********************

======================================================================
  STEP 0 - Clean stale sitecustomize.py
======================================================================
        Removed stale sitecustomize.py from Python base: C:\Users\ppala\AppData\Local\Programs\Python\Python310\Lib\site-packages\sitecustomize.py
  [OK]  Clean sitecustomize.py written to Python base
        Removed stale sitecustomize.py from venv

======================================================================
  STEP 1 - System Checklist
======================================================================
  [OK]  Git found: git version 2.53.0.windows.2
  [OK]  Python 3.10 found: Python 3.10.9
  [OK]  Visual Studio 2022 Community found
  [OK]  Intel oneAPI Base Toolkit found (MKL present)
  [OK]  Intel oneAPI HPC Toolkit found (ifx present)

======================================================================
  STEP 2 - Virtual Environment
======================================================================
  [OK]  Virtual environment shakermaker_venv already exists - will use it
        Path: C:\Users\ppala\shakermaker_venv

======================================================================
  STEP 3 - Python Dependencies Checklist
======================================================================
  [OK]  numpy 1.26.4 already installed
  [OK]  setuptools 65.5.0 already installed
  [OK]  wheel 0.46.3 already installed
  [OK]  h5py 3.16.0 already installed
  [OK]  mpi4py 4.1.1 already installed
  [OK]  matplotlib 3.10.8 already installed
  [OK]  scipy 1.15.3 already installed
  [OK]  pandas 2.3.3 already installed

======================================================================
  STEP 4 - Installation Summary
======================================================================

  Everything is already installed. Nothing to do!


**********************
Windows PowerShell transcript end
End time: 20260315151832
**********************
**********************
Windows PowerShell transcript start
Start time: 20260315151832
Username: LUISA\ppala
RunAs User: LUISA\ppala
Configuration Name: 
Machine: LUISA (Microsoft Windows NT 10.0.26200.0)
Host Application: PowerShell -ExecutionPolicy Bypass -File C:\Dropbox\01. Brain\11. GitHub\ShakerMaker\shakermaker_windows_compilation_files\SCRIPTS\02_shakermaker_junction.ps1
Process ID: 50796
PSVersion: 5.1.26100.7920
PSEdition: Desktop
PSCompatibleVersions: 1.0, 2.0, 3.0, 4.0, 5.0, 5.1.26100.7920
BuildVersion: 10.0.26100.7920
CLRVersion: 4.0.30319.42000
WSManStackVersion: 3.0
PSRemotingProtocolVersion: 2.3
SerializationVersion: 1.1.0.1
**********************

======================================================================
  STEP 1 - Check Existing Junction
======================================================================
  [OK]  Junction already exists at C:\shakermaker_compiler\ShakerMaker
        Currently pointing to: C:\Dropbox\01. Brain\11. GitHub\ShakerMaker

Confirm
The item at C:\shakermaker_compiler\ShakerMaker has children and the Recurse parameter was not specified. If you continue, all children will be removed with the item. Are you sure you want to continue?
&Yes  Yes to &All  &No  No to A&ll  &Suspend
Y
        Existing junction removed

======================================================================
  STEP 2 - ShakerMaker Source Location
======================================================================

  Source path found in shakermaker.cfg:
  C:\Dropbox\01. Brain\11. GitHub\ShakerMaker

  [OK]  Source path validated: C:\Dropbox\01. Brain\11. GitHub\ShakerMaker

======================================================================
  STEP 3 - Create Junction
======================================================================
  [OK]  Directory already exists: C:\shakermaker_compiler
  [OK]  Junction created successfully
          C:\shakermaker_compiler\ShakerMaker
          => C:\Dropbox\01. Brain\11. GitHub\ShakerMaker

======================================================================
  STEP 4 - Update Config File
======================================================================
  [OK]  SHAKERMAKER_SOURCE saved to shakermaker.cfg

======================================================================
  STEP 5 - Verify Junction
======================================================================
  [OK]  Junction verified as reparse point
  [OK]  setup.py reachable at C:\shakermaker_compiler\ShakerMaker\setup.py : True

======================================================================
  Junction setup complete!
  Junction : C:\shakermaker_compiler\ShakerMaker
  Source   : C:\Dropbox\01. Brain\11. GitHub\ShakerMaker
  Log      : C:\Users\ppala\shakermaker_junction.log
  Next     : Run Step 3 - Build and Compile
======================================================================

**********************
Windows PowerShell transcript end
End time: 20260315151845
**********************
**********************
Windows PowerShell transcript start
Start time: 20260315151848
Username: LUISA\ppala
RunAs User: LUISA\ppala
Configuration Name: 
Machine: LUISA (Microsoft Windows NT 10.0.26200.0)
Host Application: PowerShell -ExecutionPolicy Bypass -File C:\Dropbox\01. Brain\11. GitHub\ShakerMaker\shakermaker_windows_compilation_files\SCRIPTS\03_shakermaker_build.ps1
Process ID: 35524
PSVersion: 5.1.26100.7920
PSEdition: Desktop
PSCompatibleVersions: 1.0, 2.0, 3.0, 4.0, 5.0, 5.1.26100.7920
BuildVersion: 10.0.26100.7920
CLRVersion: 4.0.30319.42000
WSManStackVersion: 3.0
PSRemotingProtocolVersion: 2.3
SerializationVersion: 1.1.0.1
**********************

======================================================================
  STEP 1 - Pre-Build Checks
======================================================================
  [OK]  Junction found: C:\shakermaker_compiler\ShakerMaker
  [OK]  Virtual environment found: C:\Users\ppala\shakermaker_venv
  [OK]  Visual Studio 2022 found
  [OK]  Intel ifx found

======================================================================
  STEP 2 - Create ifort.bat Wrapper
======================================================================
  [OK]  ifort.bat wrapper already exists

======================================================================
  STEP 3 - Run Build via CMD
======================================================================

  The build requires a CMD environment with VS and Intel compilers.
  Launching build subprocess now...

PS>TerminatingError(): "The pipeline has been stopped."
>> TerminatingError(): "The pipeline has been stopped."
>> $global:?
True
**********************
Windows PowerShell transcript end
End time: 20260315151917
**********************
**********************
Windows PowerShell transcript start
Start time: 20260315151922
Username: LUISA\ppala
RunAs User: LUISA\ppala
Configuration Name: 
Machine: LUISA (Microsoft Windows NT 10.0.26200.0)
Host Application: PowerShell -ExecutionPolicy Bypass -File C:\Dropbox\01. Brain\11. GitHub\ShakerMaker\shakermaker_windows_compilation_files\SCRIPTS\01_shakermaker_setup.ps1
Process ID: 54144
PSVersion: 5.1.26100.7920
PSEdition: Desktop
PSCompatibleVersions: 1.0, 2.0, 3.0, 4.0, 5.0, 5.1.26100.7920
BuildVersion: 10.0.26100.7920
CLRVersion: 4.0.30319.42000
WSManStackVersion: 3.0
PSRemotingProtocolVersion: 2.3
SerializationVersion: 1.1.0.1
**********************

======================================================================
  STEP 0 - Clean stale sitecustomize.py
======================================================================
        Removed stale sitecustomize.py from Python base: C:\Users\ppala\AppData\Local\Programs\Python\Python310\Lib\site-packages\sitecustomize.py
  [OK]  Clean sitecustomize.py written to Python base

======================================================================
  STEP 1 - System Checklist
======================================================================
  [OK]  Git found: git version 2.53.0.windows.2
  [OK]  Python 3.10 found: Python 3.10.9
  [OK]  Visual Studio 2022 Community found
  [OK]  Intel oneAPI Base Toolkit found (MKL present)
  [OK]  Intel oneAPI HPC Toolkit found (ifx present)

======================================================================
  STEP 2 - Virtual Environment
======================================================================
  [OK]  Virtual environment shakermaker_venv already exists - will use it
        Path: C:\Users\ppala\shakermaker_venv

======================================================================
  STEP 3 - Python Dependencies Checklist
======================================================================
  [OK]  numpy 1.26.4 already installed
  [OK]  setuptools 65.5.0 already installed
  [OK]  wheel 0.46.3 already installed
  [OK]  h5py 3.16.0 already installed
  [OK]  mpi4py 4.1.1 already installed
  [OK]  matplotlib 3.10.8 already installed
  [OK]  scipy 1.15.3 already installed
  [OK]  pandas 2.3.3 already installed

======================================================================
  STEP 4 - Installation Summary
======================================================================

  Everything is already installed. Nothing to do!


**********************
Windows PowerShell transcript end
End time: 20260315151923
**********************
**********************
Windows PowerShell transcript start
Start time: 20260315151923
Username: LUISA\ppala
RunAs User: LUISA\ppala
Configuration Name: 
Machine: LUISA (Microsoft Windows NT 10.0.26200.0)
Host Application: PowerShell -ExecutionPolicy Bypass -File C:\Dropbox\01. Brain\11. GitHub\ShakerMaker\shakermaker_windows_compilation_files\SCRIPTS\02_shakermaker_junction.ps1
Process ID: 53356
PSVersion: 5.1.26100.7920
PSEdition: Desktop
PSCompatibleVersions: 1.0, 2.0, 3.0, 4.0, 5.0, 5.1.26100.7920
BuildVersion: 10.0.26100.7920
CLRVersion: 4.0.30319.42000
WSManStackVersion: 3.0
PSRemotingProtocolVersion: 2.3
SerializationVersion: 1.1.0.1
**********************

======================================================================
  STEP 1 - Check Existing Junction
======================================================================
  [OK]  Junction already exists at C:\shakermaker_compiler\ShakerMaker
        Currently pointing to: C:\Dropbox\01. Brain\11. GitHub\ShakerMaker

Confirm
The item at C:\shakermaker_compiler\ShakerMaker has children and the Recurse parameter was not specified. If you continue, all children will be removed with the item. Are you sure you want to continue?
&Yes  Yes to &All  &No  No to A&ll  &Suspend
Y
        Existing junction removed

======================================================================
  STEP 2 - ShakerMaker Source Location
======================================================================

  Source path found in shakermaker.cfg:
  C:\Dropbox\01. Brain\11. GitHub\ShakerMaker

  [OK]  Source path validated: C:\Dropbox\01. Brain\11. GitHub\ShakerMaker

======================================================================
  STEP 3 - Create Junction
======================================================================
  [OK]  Directory already exists: C:\shakermaker_compiler
  [OK]  Junction created successfully
          C:\shakermaker_compiler\ShakerMaker
          => C:\Dropbox\01. Brain\11. GitHub\ShakerMaker

======================================================================
  STEP 4 - Update Config File
======================================================================
  [OK]  SHAKERMAKER_SOURCE saved to shakermaker.cfg

======================================================================
  STEP 5 - Verify Junction
======================================================================
  [OK]  Junction verified as reparse point
  [OK]  setup.py reachable at C:\shakermaker_compiler\ShakerMaker\setup.py : True

======================================================================
  Junction setup complete!
  Junction : C:\shakermaker_compiler\ShakerMaker
  Source   : C:\Dropbox\01. Brain\11. GitHub\ShakerMaker
  Log      : C:\Users\ppala\shakermaker_junction.log
  Next     : Run Step 3 - Build and Compile
======================================================================

**********************
Windows PowerShell transcript end
End time: 20260315151925
**********************
**********************
Windows PowerShell transcript start
Start time: 20260315151927
Username: LUISA\ppala
RunAs User: LUISA\ppala
Configuration Name: 
Machine: LUISA (Microsoft Windows NT 10.0.26200.0)
Host Application: PowerShell -ExecutionPolicy Bypass -File C:\Dropbox\01. Brain\11. GitHub\ShakerMaker\shakermaker_windows_compilation_files\SCRIPTS\03_shakermaker_build.ps1
Process ID: 53352
PSVersion: 5.1.26100.7920
PSEdition: Desktop
PSCompatibleVersions: 1.0, 2.0, 3.0, 4.0, 5.0, 5.1.26100.7920
BuildVersion: 10.0.26100.7920
CLRVersion: 4.0.30319.42000
WSManStackVersion: 3.0
PSRemotingProtocolVersion: 2.3
SerializationVersion: 1.1.0.1
**********************

======================================================================
  STEP 1 - Pre-Build Checks
======================================================================
  [OK]  Junction found: C:\shakermaker_compiler\ShakerMaker
  [OK]  Virtual environment found: C:\Users\ppala\shakermaker_venv
  [OK]  Visual Studio 2022 found
  [OK]  Intel ifx found

======================================================================
  STEP 2 - Create ifort.bat Wrapper
======================================================================
  [OK]  ifort.bat wrapper already exists

======================================================================
  STEP 3 - Run Build via CMD
======================================================================

  The build requires a CMD environment with VS and Intel compilers.
  Launching build subprocess now...

  [OK]  Build completed successfully

======================================================================
  STEP 4 - Create sitecustomize.py
======================================================================
        Removed stale sitecustomize.py from Python base
  [OK]  sitecustomize.py created in venv: C:\Users\ppala\shakermaker_venv\Lib\site-packages\sitecustomize.py
  [OK]  sitecustomize.py created in Python base: C:\Users\ppala\AppData\Local\Programs\Python\Python310\Lib\site-packages\sitecustomize.py
  [OK]  sitecustomize.py contents verified

======================================================================
  STEP 4b - Add Intel paths to system PATH permanently
======================================================================
  [OK]  Already in system PATH: C:\Program Files (x86)\Intel\oneAPI\compiler\latest\bin
  [OK]  Already in system PATH: C:\Program Files (x86)\Intel\oneAPI\mpi\latest\bin
  [!!]  Failed to update system PATH - try running as Administrator: Exception calling "SetEnvironmentVariable" with "3" argument(s): "Requested registry access is not allowed."

======================================================================
  STEP 5 - Smoke Test
======================================================================
  Testing core import inside initialized CMD...
  [OK]  core import OK

======================================================================
  Build complete!
  Venv    : C:\Users\ppala\shakermaker_venv
  Build   : C:\shakermaker_compiler\ShakerMaker
  Log     : C:\Users\ppala\shakermaker_build.log

  To activate your environment:
  C:\Users\ppala\shakermaker_venv\Scripts\Activate.ps1
======================================================================

**********************
Windows PowerShell transcript end
End time: 20260315151942
**********************
**********************
Windows PowerShell transcript start
Start time: 20260315161139
Username: LUISA\ppala
RunAs User: LUISA\ppala
Configuration Name: 
Machine: LUISA (Microsoft Windows NT 10.0.26200.0)
Host Application: C:\Windows\System32\WindowsPowerShell\v1.0\powershell.exe
Process ID: 40788
PSVersion: 5.1.26100.7920
PSEdition: Desktop
PSCompatibleVersions: 1.0, 2.0, 3.0, 4.0, 5.0, 5.1.26100.7920
BuildVersion: 10.0.26100.7920
CLRVersion: 4.0.30319.42000
WSManStackVersion: 3.0
PSRemotingProtocolVersion: 2.3
SerializationVersion: 1.1.0.1
**********************

======================================================================
  STEP 0 - Clean stale sitecustomize.py
======================================================================
        Removed stale sitecustomize.py from Python base: C:\Users\ppala\AppData\Local\Programs\Python\Python310\Lib\site-packages\sitecustomize.py
  [OK]  Clean sitecustomize.py written to Python base
        Removed stale sitecustomize.py from venv

======================================================================
  STEP 1 - System Checklist
======================================================================
  [OK]  Git found: git version 2.53.0.windows.2
  [OK]  Python 3.10 found: Python 3.10.9
  [OK]  Visual Studio 2022 Community found
  [OK]  Intel oneAPI Base Toolkit found (MKL present)
  [OK]  Intel oneAPI HPC Toolkit found (ifx present)

======================================================================
  STEP 2 - Virtual Environment
======================================================================
  [OK]  Virtual environment shakermaker_venv already exists - will use it
        Path: C:\Users\ppala\shakermaker_venv

======================================================================
  STEP 3 - Python Dependencies Checklist
======================================================================
  [OK]  numpy 1.26.4 already installed
  [OK]  setuptools 65.5.0 already installed
  [OK]  wheel 0.46.3 already installed
  [OK]  h5py 3.16.0 already installed
  [OK]  mpi4py 4.1.1 already installed
  [OK]  matplotlib 3.10.8 already installed
  [OK]  scipy 1.15.3 already installed
  [OK]  pandas 2.3.3 already installed

======================================================================
  STEP 4 - Installation Summary
======================================================================

  Everything is already installed. Nothing to do!


PS C:\Dropbox\01. Brain\11. GitHub\ShakerMaker\shakermaker_windows_compilation_files\SCRIPTS> cls
**********************
Windows PowerShell transcript start
Start time: 20260317201756
Username: LUISA\ppala
RunAs User: LUISA\ppala
Configuration Name: 
Machine: LUISA (Microsoft Windows NT 10.0.26200.0)
Host Application: PowerShell -ExecutionPolicy Bypass -File C:\Dropbox\01. Brain\11. GitHub\ShakerMaker\shakermaker_windows_compilation_files\SCRIPTS\01_shakermaker_setup.ps1
Process ID: 8576
PSVersion: 5.1.26100.7920
PSEdition: Desktop
PSCompatibleVersions: 1.0, 2.0, 3.0, 4.0, 5.0, 5.1.26100.7920
BuildVersion: 10.0.26100.7920
CLRVersion: 4.0.30319.42000
WSManStackVersion: 3.0
PSRemotingProtocolVersion: 2.3
SerializationVersion: 1.1.0.1
**********************

======================================================================
  STEP 0 - Clean stale sitecustomize.py
======================================================================
        Removed stale sitecustomize.py from Python base: C:\Users\ppala\AppData\Local\Programs\Python\Python310\Lib\site-packages\sitecustomize.py
  [OK]  Clean sitecustomize.py written to Python base

======================================================================
  STEP 1 - System Checklist
======================================================================
  [OK]  Git found: git version 2.53.0.windows.2
  [OK]  Python 3.10 found: Python 3.10.9
  [OK]  Visual Studio 2022 Community found
  [OK]  Intel oneAPI Base Toolkit found (MKL present)
  [OK]  Intel oneAPI HPC Toolkit found (ifx present)

======================================================================
  STEP 2 - Virtual Environment
======================================================================
  [OK]  Virtual environment shakermaker_venv already exists - will use it
        Path: C:\Users\ppala\shakermaker_venv

======================================================================
  STEP 3 - Python Dependencies Checklist
======================================================================
  [OK]  numpy 1.26.4 already installed
  [OK]  setuptools 65.5.0 already installed
  [OK]  wheel 0.46.3 already installed
  [OK]  h5py 3.16.0 already installed
  [OK]  mpi4py 4.1.1 already installed
  [OK]  matplotlib 3.10.8 already installed
  [OK]  scipy 1.15.3 already installed
  [OK]  pandas 2.3.3 already installed
  [--]  numba not found - will install

======================================================================
  STEP 4 - Installation Summary
======================================================================

  System components to install:
    (none)

  Python packages to install/update:
    - numba

  Virtual environment : shakermaker_venv
  Location            : C:\Users\ppala\shakermaker_venv


======================================================================
  STEP 5 - Installing System Components
======================================================================

======================================================================
  STEP 6 - Upgrading pip
======================================================================

  [OK]  pip upgraded: pip 26.0.1 from C:\Users\ppala\shakermaker_venv\lib\site-packages\pip (python 3.10)

======================================================================
  STEP 7 - Installing Python Dependencies
======================================================================
  Installing numba ...

  [OK]  numba installed

======================================================================
  STEP 8 - Fix Python Base sitecustomize.py
======================================================================
        Removed stale sitecustomize.py from Python base
  [OK]  sitecustomize.py written to Python base: C:\Users\ppala\AppData\Local\Programs\Python\Python310\Lib\site-packages\sitecustomize.py

======================================================================
  STEP 9 - Final Verification
======================================================================
  [OK]  Virtual env Python: Python 3.10.9
  [OK]  numpy 1.26.4
  [OK]  setuptools 65.5.0
  [OK]  wheel 0.46.3
  [OK]  h5py 3.16.0
  [OK]  mpi4py 4.1.1
  [OK]  matplotlib 3.10.8
  [OK]  scipy 1.15.3
  [OK]  pandas 2.3.3
  [OK]  numba 0.64.0

======================================================================
  Setup complete!
  Venv : shakermaker_venv  at  C:\Users\ppala\shakermaker_venv
  Log  : C:\Users\ppala\shakermaker_setup.log
  Next : Run Step 2 - Junction Setup
======================================================================

**********************
Windows PowerShell transcript end
End time: 20260317201813
**********************
**********************
Windows PowerShell transcript start
Start time: 20260317201813
Username: LUISA\ppala
RunAs User: LUISA\ppala
Configuration Name: 
Machine: LUISA (Microsoft Windows NT 10.0.26200.0)
Host Application: PowerShell -ExecutionPolicy Bypass -File C:\Dropbox\01. Brain\11. GitHub\ShakerMaker\shakermaker_windows_compilation_files\SCRIPTS\02_shakermaker_junction.ps1
Process ID: 81332
PSVersion: 5.1.26100.7920
PSEdition: Desktop
PSCompatibleVersions: 1.0, 2.0, 3.0, 4.0, 5.0, 5.1.26100.7920
BuildVersion: 10.0.26100.7920
CLRVersion: 4.0.30319.42000
WSManStackVersion: 3.0
PSRemotingProtocolVersion: 2.3
SerializationVersion: 1.1.0.1
**********************

======================================================================
  STEP 1 - Check Existing Junction
======================================================================
  [OK]  Junction already exists at C:\shakermaker_compiler\ShakerMaker
        Currently pointing to: C:\Dropbox\01. Brain\11. GitHub\ShakerMaker

Confirm
The item at C:\shakermaker_compiler\ShakerMaker has children and the Recurse parameter was not specified. If you continue, all children will be removed with the item. Are you sure you want to continue?
&Yes  Yes to &All  &No  No to A&ll  &Suspend
Y
        Existing junction removed

======================================================================
  STEP 2 - ShakerMaker Source Location
======================================================================

  Source path found in shakermaker.cfg:
  C:\Dropbox\01. Brain\11. GitHub\ShakerMaker

  [OK]  Source path validated: C:\Dropbox\01. Brain\11. GitHub\ShakerMaker

======================================================================
  STEP 3 - Create Junction
======================================================================
  [OK]  Directory already exists: C:\shakermaker_compiler
  [OK]  Junction created successfully
          C:\shakermaker_compiler\ShakerMaker
          => C:\Dropbox\01. Brain\11. GitHub\ShakerMaker

======================================================================
  STEP 4 - Update Config File
======================================================================
  [OK]  SHAKERMAKER_SOURCE saved to shakermaker.cfg

======================================================================
  STEP 5 - Verify Junction
======================================================================
  [OK]  Junction verified as reparse point
  [OK]  setup.py reachable at C:\shakermaker_compiler\ShakerMaker\setup.py : True

======================================================================
  Junction setup complete!
  Junction : C:\shakermaker_compiler\ShakerMaker
  Source   : C:\Dropbox\01. Brain\11. GitHub\ShakerMaker
  Log      : C:\Users\ppala\shakermaker_junction.log
  Next     : Run Step 3 - Build and Compile
======================================================================

**********************
Windows PowerShell transcript end
End time: 20260317201817
**********************
**********************
Windows PowerShell transcript start
Start time: 20260317201818
Username: LUISA\ppala
RunAs User: LUISA\ppala
Configuration Name: 
Machine: LUISA (Microsoft Windows NT 10.0.26200.0)
Host Application: PowerShell -ExecutionPolicy Bypass -File C:\Dropbox\01. Brain\11. GitHub\ShakerMaker\shakermaker_windows_compilation_files\SCRIPTS\03_shakermaker_build.ps1
Process ID: 68712
PSVersion: 5.1.26100.7920
PSEdition: Desktop
PSCompatibleVersions: 1.0, 2.0, 3.0, 4.0, 5.0, 5.1.26100.7920
BuildVersion: 10.0.26100.7920
CLRVersion: 4.0.30319.42000
WSManStackVersion: 3.0
PSRemotingProtocolVersion: 2.3
SerializationVersion: 1.1.0.1
**********************

======================================================================
  STEP 1 - Pre-Build Checks
======================================================================
  [OK]  Junction found: C:\shakermaker_compiler\ShakerMaker
  [OK]  Virtual environment found: C:\Users\ppala\shakermaker_venv
  [OK]  Visual Studio 2022 found
  [OK]  Intel ifx found

======================================================================
  STEP 2 - Create ifort.bat Wrapper
======================================================================
  [OK]  ifort.bat wrapper already exists

======================================================================
  STEP 3 - Run Build via CMD
======================================================================

  The build requires a CMD environment with VS and Intel compilers.
  Launching build subprocess now...

PS>TerminatingError(): "The pipeline has been stopped."
>> TerminatingError(): "The pipeline has been stopped."
>> $global:?
True
**********************
Windows PowerShell transcript end
End time: 20260317201858
**********************
**********************
Windows PowerShell transcript start
Start time: 20260317201907
Username: LUISA\ppala
RunAs User: LUISA\ppala
Configuration Name: 
Machine: LUISA (Microsoft Windows NT 10.0.26200.0)
Host Application: C:\WINDOWS\System32\WindowsPowerShell\v1.0\powershell.exe
Process ID: 82716
PSVersion: 5.1.26100.7920
PSEdition: Desktop
PSCompatibleVersions: 1.0, 2.0, 3.0, 4.0, 5.0, 5.1.26100.7920
BuildVersion: 10.0.26100.7920
CLRVersion: 4.0.30319.42000
WSManStackVersion: 3.0
PSRemotingProtocolVersion: 2.3
SerializationVersion: 1.1.0.1
**********************

======================================================================
  STEP 1 - Pre-Build Checks
======================================================================
  [OK]  Junction found: C:\shakermaker_compiler\ShakerMaker
  [OK]  Virtual environment found: C:\Users\ppala\shakermaker_venv
  [OK]  Visual Studio 2022 found
  [OK]  Intel ifx found

======================================================================
  STEP 2 - Create ifort.bat Wrapper
======================================================================
  [OK]  ifort.bat wrapper already exists

======================================================================
  STEP 3 - Run Build via CMD
======================================================================

  The build requires a CMD environment with VS and Intel compilers.
  Launching build subprocess now...

  [OK]  Build completed successfully

======================================================================
  STEP 4 - Create sitecustomize.py
======================================================================
        Removed stale sitecustomize.py from Python base
  [OK]  sitecustomize.py created in venv: C:\Users\ppala\shakermaker_venv\Lib\site-packages\sitecustomize.py
  [OK]  sitecustomize.py created in Python base: C:\Users\ppala\AppData\Local\Programs\Python\Python310\Lib\site-packages\sitecustomize.py
  [OK]  sitecustomize.py contents verified

======================================================================
  STEP 4b - Add Intel paths to system PATH permanently
======================================================================
  [OK]  Already in system PATH: C:\Program Files (x86)\Intel\oneAPI\compiler\latest\bin
  [OK]  Already in system PATH: C:\Program Files (x86)\Intel\oneAPI\mpi\latest\bin
  [!!]  Failed to update system PATH - try running as Administrator: Exception calling "SetEnvironmentVariable" with "3" argument(s): "Requested registry access is not allowed."

======================================================================
  STEP 5 - Smoke Test
======================================================================
  Testing core import inside initialized CMD...
  [OK]  core import OK

======================================================================
  Build complete!
  Venv    : C:\Users\ppala\shakermaker_venv
  Build   : C:\shakermaker_compiler\ShakerMaker
  Log     : C:\Users\ppala\shakermaker_build.log

  To activate your environment:
  C:\Users\ppala\shakermaker_venv\Scripts\Activate.ps1
======================================================================

**********************
Windows PowerShell transcript end
End time: 20260317201922
**********************
**********************
Windows PowerShell transcript start
Start time: 20260317201951
Username: LUISA\ppala
RunAs User: LUISA\ppala
Configuration Name: 
Machine: LUISA (Microsoft Windows NT 10.0.26200.0)
Host Application: C:\Windows\SysWOW64\WindowsPowerShell\v1.0\powershell.exe
Process ID: 84452
PSVersion: 5.1.26100.7920
PSEdition: Desktop
PSCompatibleVersions: 1.0, 2.0, 3.0, 4.0, 5.0, 5.1.26100.7920
BuildVersion: 10.0.26100.7920
CLRVersion: 4.0.30319.42000
WSManStackVersion: 3.0
PSRemotingProtocolVersion: 2.3
SerializationVersion: 1.1.0.1
**********************

======================================================================
  STEP 1 - Pre-Build Checks
======================================================================
  [OK]  Junction found: C:\shakermaker_compiler\ShakerMaker
  [OK]  Virtual environment found: C:\Users\ppala\shakermaker_venv
  [OK]  Visual Studio 2022 found
  [OK]  Intel ifx found

======================================================================
  STEP 2 - Create ifort.bat Wrapper
======================================================================
  [OK]  ifort.bat wrapper already exists

======================================================================
  STEP 3 - Run Build via CMD
======================================================================

  The build requires a CMD environment with VS and Intel compilers.
  Launching build subprocess now...

  [OK]  Build completed successfully

======================================================================
  STEP 4 - Create sitecustomize.py
======================================================================
        Removed stale sitecustomize.py from venv
        Removed stale sitecustomize.py from Python base
  [OK]  sitecustomize.py created in venv: C:\Users\ppala\shakermaker_venv\Lib\site-packages\sitecustomize.py
  [OK]  sitecustomize.py created in Python base: C:\Users\ppala\AppData\Local\Programs\Python\Python310\Lib\site-packages\sitecustomize.py
  [OK]  sitecustomize.py contents verified

======================================================================
  STEP 4b - Add Intel paths to system PATH permanently
======================================================================
  [OK]  Already in system PATH: C:\Program Files (x86)\Intel\oneAPI\compiler\latest\bin
  [OK]  Already in system PATH: C:\Program Files (x86)\Intel\oneAPI\mpi\latest\bin
  [OK]  System PATH updated - Intel MPI and DLLs now available permanently

======================================================================
  STEP 5 - Smoke Test
======================================================================
  Testing core import inside initialized CMD...
  [OK]  core import OK

======================================================================
  Build complete!
  Venv    : C:\Users\ppala\shakermaker_venv
  Build   : C:\shakermaker_compiler\ShakerMaker
  Log     : C:\Users\ppala\shakermaker_build.log

  To activate your environment:
  C:\Users\ppala\shakermaker_venv\Scripts\Activate.ps1
======================================================================

**********************
Windows PowerShell transcript end
End time: 20260317202013
**********************
**********************
Windows PowerShell transcript start
Start time: 20260317202233
Username: LUISA\ppala
RunAs User: LUISA\ppala
Configuration Name: 
Machine: LUISA (Microsoft Windows NT 10.0.26200.0)
Host Application: C:\Windows\System32\WindowsPowerShell\v1.0\powershell.exe
Process ID: 78320
PSVersion: 5.1.26100.7920
PSEdition: Desktop
PSCompatibleVersions: 1.0, 2.0, 3.0, 4.0, 5.0, 5.1.26100.7920
BuildVersion: 10.0.26100.7920
CLRVersion: 4.0.30319.42000
WSManStackVersion: 3.0
PSRemotingProtocolVersion: 2.3
SerializationVersion: 1.1.0.1
**********************

======================================================================
  STEP 1 - Pre-Build Checks
======================================================================
  [OK]  Junction found: C:\shakermaker_compiler\ShakerMaker
  [OK]  Virtual environment found: C:\Users\ppala\shakermaker_venv
  [OK]  Visual Studio 2022 found
  [OK]  Intel ifx found

======================================================================
  STEP 2 - Create ifort.bat Wrapper
======================================================================
  [OK]  ifort.bat wrapper already exists

======================================================================
  STEP 3 - Run Build via CMD
======================================================================

  The build requires a CMD environment with VS and Intel compilers.
  Launching build subprocess now...

  [OK]  Build completed successfully

======================================================================
  STEP 4 - Create sitecustomize.py
======================================================================
        Removed stale sitecustomize.py from venv
        Removed stale sitecustomize.py from Python base
  [OK]  sitecustomize.py created in venv: C:\Users\ppala\shakermaker_venv\Lib\site-packages\sitecustomize.py
  [OK]  sitecustomize.py created in Python base: C:\Users\ppala\AppData\Local\Programs\Python\Python310\Lib\site-packages\sitecustomize.py
  [OK]  sitecustomize.py contents verified

======================================================================
  STEP 4b - Add Intel paths to system PATH permanently
======================================================================
  [OK]  Already in system PATH: C:\Program Files (x86)\Intel\oneAPI\compiler\latest\bin
  [OK]  Already in system PATH: C:\Program Files (x86)\Intel\oneAPI\mpi\latest\bin
  [OK]  System PATH updated - Intel MPI and DLLs now available permanently

======================================================================
  STEP 5 - Smoke Test
======================================================================
  Testing core import inside initialized CMD...
  [OK]  core import OK

======================================================================
  Build complete!
  Venv    : C:\Users\ppala\shakermaker_venv
  Build   : C:\shakermaker_compiler\ShakerMaker
  Log     : C:\Users\ppala\shakermaker_build.log

  To activate your environment:
  C:\Users\ppala\shakermaker_venv\Scripts\Activate.ps1
======================================================================

**********************
Windows PowerShell transcript end
End time: 20260317202248
**********************
**********************
Windows PowerShell transcript start
Start time: 20260317202649
Username: LUISA\ppala
RunAs User: LUISA\ppala
Configuration Name: 
Machine: LUISA (Microsoft Windows NT 10.0.26200.0)
Host Application: C:\Windows\System32\WindowsPowerShell\v1.0\powershell.exe
Process ID: 78320
PSVersion: 5.1.26100.7920
PSEdition: Desktop
PSCompatibleVersions: 1.0, 2.0, 3.0, 4.0, 5.0, 5.1.26100.7920
BuildVersion: 10.0.26100.7920
CLRVersion: 4.0.30319.42000
WSManStackVersion: 3.0
PSRemotingProtocolVersion: 2.3
SerializationVersion: 1.1.0.1
**********************

======================================================================
  STEP 1 - Pre-Build Checks
======================================================================
  [OK]  Junction found: C:\shakermaker_compiler\ShakerMaker
  [OK]  Virtual environment found: C:\Users\ppala\shakermaker_venv
  [OK]  Visual Studio 2022 found
  [OK]  Intel ifx found

======================================================================
  STEP 2 - Create ifort.bat Wrapper
======================================================================
  [OK]  ifort.bat wrapper already exists

======================================================================
  STEP 3 - Run Build via CMD
======================================================================

  The build requires a CMD environment with VS and Intel compilers.
  Launching build subprocess now...

  [OK]  Build completed successfully

======================================================================
  STEP 4 - Create sitecustomize.py
======================================================================
        Removed stale sitecustomize.py from venv
        Removed stale sitecustomize.py from Python base
  [OK]  sitecustomize.py created in venv: C:\Users\ppala\shakermaker_venv\Lib\site-packages\sitecustomize.py
  [OK]  sitecustomize.py created in Python base: C:\Users\ppala\AppData\Local\Programs\Python\Python310\Lib\site-packages\sitecustomize.py
  [OK]  sitecustomize.py contents verified

======================================================================
  STEP 4b - Add Intel paths to system PATH permanently
======================================================================
  [OK]  Already in system PATH: C:\Program Files (x86)\Intel\oneAPI\compiler\latest\bin
  [OK]  Already in system PATH: C:\Program Files (x86)\Intel\oneAPI\mpi\latest\bin
  [OK]  System PATH updated - Intel MPI and DLLs now available permanently

======================================================================
  STEP 5 - Smoke Test
======================================================================
  Testing core import inside initialized CMD...
  [OK]  core import OK

======================================================================
  Build complete!
  Venv    : C:\Users\ppala\shakermaker_venv
  Build   : C:\shakermaker_compiler\ShakerMaker
  Log     : C:\Users\ppala\shakermaker_build.log

  To activate your environment:
  C:\Users\ppala\shakermaker_venv\Scripts\Activate.ps1
======================================================================

**********************
Windows PowerShell transcript end
End time: 20260317202705
**********************
**********************
Windows PowerShell transcript start
Start time: 20260322145600
Username: LUISA\ppala
RunAs User: LUISA\ppala
Configuration Name: 
Machine: LUISA (Microsoft Windows NT 10.0.26200.0)
Host Application: PowerShell -ExecutionPolicy Bypass -File C:\Dropbox\01. Brain\11. GitHub\ShakerMaker\shakermaker_windows_compilation_files\SCRIPTS\01_shakermaker_setup.ps1
Process ID: 62456
PSVersion: 5.1.26100.7920
PSEdition: Desktop
PSCompatibleVersions: 1.0, 2.0, 3.0, 4.0, 5.0, 5.1.26100.7920
BuildVersion: 10.0.26100.7920
CLRVersion: 4.0.30319.42000
WSManStackVersion: 3.0
PSRemotingProtocolVersion: 2.3
SerializationVersion: 1.1.0.1
**********************

======================================================================
  STEP 0 - Clean stale sitecustomize.py
======================================================================
        Removed stale sitecustomize.py from Python base: C:\Users\ppala\AppData\Local\Programs\Python\Python310\Lib\site-packages\sitecustomize.py
  [OK]  Clean sitecustomize.py written to Python base
        Removed stale sitecustomize.py from venv

======================================================================
  STEP 1 - System Checklist
======================================================================
  [OK]  Git found: git version 2.53.0.windows.2
  [OK]  Python 3.10 found: Python 3.10.9
  [OK]  Visual Studio 2022 Community found
  [OK]  Intel oneAPI Base Toolkit found (MKL present)
  [OK]  Intel oneAPI HPC Toolkit found (ifx present)

======================================================================
  STEP 2 - Virtual Environment
======================================================================
  [OK]  Virtual environment shakermaker_venv already exists - will use it
        Path: C:\Users\ppala\shakermaker_venv

======================================================================
  STEP 3 - Python Dependencies Checklist
======================================================================
  [OK]  numpy 1.26.4 already installed
  [OK]  setuptools 65.5.0 already installed
  [OK]  wheel 0.46.3 already installed
  [OK]  h5py 3.16.0 already installed
  [OK]  mpi4py 4.1.1 already installed
  [OK]  matplotlib 3.10.8 already installed
  [OK]  scipy 1.15.3 already installed
  [OK]  pandas 2.3.3 already installed
  [OK]  numba 0.64.0 already installed

======================================================================
  STEP 4 - Installation Summary
======================================================================

  Everything is already installed. Nothing to do!


**********************
Windows PowerShell transcript end
End time: 20260322145602
**********************
**********************
Windows PowerShell transcript start
Start time: 20260322145603
Username: LUISA\ppala
RunAs User: LUISA\ppala
Configuration Name: 
Machine: LUISA (Microsoft Windows NT 10.0.26200.0)
Host Application: PowerShell -ExecutionPolicy Bypass -File C:\Dropbox\01. Brain\11. GitHub\ShakerMaker\shakermaker_windows_compilation_files\SCRIPTS\02_shakermaker_junction.ps1
Process ID: 50580
PSVersion: 5.1.26100.7920
PSEdition: Desktop
PSCompatibleVersions: 1.0, 2.0, 3.0, 4.0, 5.0, 5.1.26100.7920
BuildVersion: 10.0.26100.7920
CLRVersion: 4.0.30319.42000
WSManStackVersion: 3.0
PSRemotingProtocolVersion: 2.3
SerializationVersion: 1.1.0.1
**********************

======================================================================
  STEP 1 - Check Existing Junction
======================================================================
  [OK]  Junction already exists at C:\shakermaker_compiler\ShakerMaker
        Currently pointing to: C:\Dropbox\01. Brain\11. GitHub\ShakerMaker

Confirm
The item at C:\shakermaker_compiler\ShakerMaker has children and the Recurse parameter was not specified. If you continue, all children will be removed with the item. Are you sure you want to continue?
&Yes  Yes to &All  &No  No to A&ll  &Suspend
Y
        Existing junction removed

======================================================================
  STEP 2 - ShakerMaker Source Location
======================================================================

  Source path found in shakermaker.cfg:
  C:\Dropbox\01. Brain\11. GitHub\ShakerMaker

  [OK]  Source path validated: C:\Dropbox\01. Brain\11. GitHub\ShakerMaker

======================================================================
  STEP 3 - Create Junction
======================================================================
  [OK]  Directory already exists: C:\shakermaker_compiler
  [OK]  Junction created successfully
          C:\shakermaker_compiler\ShakerMaker
          => C:\Dropbox\01. Brain\11. GitHub\ShakerMaker

======================================================================
  STEP 4 - Update Config File
======================================================================
  [OK]  SHAKERMAKER_SOURCE saved to shakermaker.cfg

======================================================================
  STEP 5 - Verify Junction
======================================================================
  [OK]  Junction verified as reparse point
  [OK]  setup.py reachable at C:\shakermaker_compiler\ShakerMaker\setup.py : True

======================================================================
  Junction setup complete!
  Junction : C:\shakermaker_compiler\ShakerMaker
  Source   : C:\Dropbox\01. Brain\11. GitHub\ShakerMaker
  Log      : C:\Users\ppala\shakermaker_junction.log
  Next     : Run Step 3 - Build and Compile
======================================================================

**********************
Windows PowerShell transcript end
End time: 20260322145607
**********************
**********************
Windows PowerShell transcript start
Start time: 20260322145609
Username: LUISA\ppala
RunAs User: LUISA\ppala
Configuration Name: 
Machine: LUISA (Microsoft Windows NT 10.0.26200.0)
Host Application: PowerShell -ExecutionPolicy Bypass -File C:\Dropbox\01. Brain\11. GitHub\ShakerMaker\shakermaker_windows_compilation_files\SCRIPTS\03_shakermaker_build.ps1
Process ID: 59676
PSVersion: 5.1.26100.7920
PSEdition: Desktop
PSCompatibleVersions: 1.0, 2.0, 3.0, 4.0, 5.0, 5.1.26100.7920
BuildVersion: 10.0.26100.7920
CLRVersion: 4.0.30319.42000
WSManStackVersion: 3.0
PSRemotingProtocolVersion: 2.3
SerializationVersion: 1.1.0.1
**********************

======================================================================
  STEP 1 - Pre-Build Checks
======================================================================
  [OK]  Junction found: C:\shakermaker_compiler\ShakerMaker
  [OK]  Virtual environment found: C:\Users\ppala\shakermaker_venv
  [OK]  Visual Studio 2022 found
  [OK]  Intel ifx found

======================================================================
  STEP 2 - Create ifort.bat Wrapper
======================================================================
  [OK]  ifort.bat wrapper already exists

======================================================================
  STEP 3 - Run Build via CMD
======================================================================

  The build requires a CMD environment with VS and Intel compilers.
  Launching build subprocess now...

PS>TerminatingError(): "The pipeline has been stopped."
>> TerminatingError(): "The pipeline has been stopped."
>> $global:?
True
**********************
Windows PowerShell transcript end
End time: 20260322145717
**********************
**********************
Windows PowerShell transcript start
Start time: 20260322145722
Username: LUISA\ppala
RunAs User: LUISA\ppala
Configuration Name: 
Machine: LUISA (Microsoft Windows NT 10.0.26200.0)
Host Application: C:\Windows\SysWOW64\WindowsPowerShell\v1.0\powershell.exe
Process ID: 59888
PSVersion: 5.1.26100.7920
PSEdition: Desktop
PSCompatibleVersions: 1.0, 2.0, 3.0, 4.0, 5.0, 5.1.26100.7920
BuildVersion: 10.0.26100.7920
CLRVersion: 4.0.30319.42000
WSManStackVersion: 3.0
PSRemotingProtocolVersion: 2.3
SerializationVersion: 1.1.0.1
**********************

======================================================================
  STEP 1 - Pre-Build Checks
======================================================================
  [OK]  Junction found: C:\shakermaker_compiler\ShakerMaker
  [OK]  Virtual environment found: C:\Users\ppala\shakermaker_venv
  [OK]  Visual Studio 2022 found
  [OK]  Intel ifx found

======================================================================
  STEP 2 - Create ifort.bat Wrapper
======================================================================
  [OK]  ifort.bat wrapper already exists

======================================================================
  STEP 3 - Run Build via CMD
======================================================================

  The build requires a CMD environment with VS and Intel compilers.
  Launching build subprocess now...

  [OK]  Build completed successfully

======================================================================
  STEP 4 - Create sitecustomize.py
======================================================================
        Removed stale sitecustomize.py from Python base
  [OK]  sitecustomize.py created in venv: C:\Users\ppala\shakermaker_venv\Lib\site-packages\sitecustomize.py
  [OK]  sitecustomize.py created in Python base: C:\Users\ppala\AppData\Local\Programs\Python\Python310\Lib\site-packages\sitecustomize.py
  [OK]  sitecustomize.py contents verified

======================================================================
  STEP 4b - Add Intel paths to system PATH permanently
======================================================================
  [OK]  Already in system PATH: C:\Program Files (x86)\Intel\oneAPI\compiler\latest\bin
  [OK]  Already in system PATH: C:\Program Files (x86)\Intel\oneAPI\mpi\latest\bin
  [OK]  System PATH updated - Intel MPI and DLLs now available permanently

======================================================================
  STEP 5 - Smoke Test
======================================================================
  Testing core import inside initialized CMD...
  [OK]  core import OK

======================================================================
  Build complete!
  Venv    : C:\Users\ppala\shakermaker_venv
  Build   : C:\shakermaker_compiler\ShakerMaker
  Log     : C:\Users\ppala\shakermaker_build.log

  To activate your environment:
  C:\Users\ppala\shakermaker_venv\Scripts\Activate.ps1
======================================================================

**********************
Windows PowerShell transcript end
End time: 20260322145744
**********************
**********************
Windows PowerShell transcript start
Start time: 20260322151608
Username: LUISA\ppala
RunAs User: LUISA\ppala
Configuration Name: 
Machine: LUISA (Microsoft Windows NT 10.0.26200.0)
Host Application: PowerShell -ExecutionPolicy Bypass -File C:\Dropbox\01. Brain\11. GitHub\ShakerMaker\shakermaker_windows_compilation_files\SCRIPTS\01_shakermaker_setup.ps1 -NonInteractive
Process ID: 43700
PSVersion: 5.1.26100.7920
PSEdition: Desktop
PSCompatibleVersions: 1.0, 2.0, 3.0, 4.0, 5.0, 5.1.26100.7920
BuildVersion: 10.0.26100.7920
CLRVersion: 4.0.30319.42000
WSManStackVersion: 3.0
PSRemotingProtocolVersion: 2.3
SerializationVersion: 1.1.0.1
**********************

======================================================================
  STEP 0 - Clean stale sitecustomize.py
======================================================================
        Removed stale sitecustomize.py from Python base: C:\Users\ppala\AppData\Local\Programs\Python\Python310\Lib\site-packages\sitecustomize.py
  [OK]  Clean sitecustomize.py written to Python base
        Removed stale sitecustomize.py from venv

======================================================================
  STEP 1 - System Checklist
======================================================================
  [OK]  Git found: git version 2.53.0.windows.2
  [OK]  Python 3.10 found: Python 3.10.9
  [OK]  Visual Studio 2022 Community found
  [OK]  Intel oneAPI Base Toolkit found (MKL present)
  [OK]  Intel oneAPI HPC Toolkit found (ifx present)

======================================================================
  STEP 2 - Virtual Environment
======================================================================
  [OK]  Virtual environment shakermaker_venv already exists - will use it
        Path: C:\Users\ppala\shakermaker_venv

======================================================================
  STEP 3 - Python Dependencies Checklist
======================================================================
  [OK]  numpy 1.26.4 already installed
  [OK]  setuptools 65.5.0 already installed
  [OK]  wheel 0.46.3 already installed
  [OK]  h5py 3.16.0 already installed
  [OK]  mpi4py 4.1.1 already installed
  [OK]  matplotlib 3.10.8 already installed
  [OK]  scipy 1.15.3 already installed
  [OK]  pandas 2.3.3 already installed
  [OK]  numba 0.64.0 already installed

======================================================================
  STEP 4 - Installation Summary
======================================================================

  Everything is already installed. Nothing to do!

**********************
Windows PowerShell transcript end
End time: 20260322151609
**********************
**********************
Windows PowerShell transcript start
Start time: 20260322151609
Username: LUISA\ppala
RunAs User: LUISA\ppala
Configuration Name: 
Machine: LUISA (Microsoft Windows NT 10.0.26200.0)
Host Application: PowerShell -ExecutionPolicy Bypass -File C:\Dropbox\01. Brain\11. GitHub\ShakerMaker\shakermaker_windows_compilation_files\SCRIPTS\02_shakermaker_junction.ps1 -NonInteractive
Process ID: 60700
PSVersion: 5.1.26100.7920
PSEdition: Desktop
PSCompatibleVersions: 1.0, 2.0, 3.0, 4.0, 5.0, 5.1.26100.7920
BuildVersion: 10.0.26100.7920
CLRVersion: 4.0.30319.42000
WSManStackVersion: 3.0
PSRemotingProtocolVersion: 2.3
SerializationVersion: 1.1.0.1
**********************

======================================================================
  STEP 1 - Check Existing Junction
======================================================================
  [OK]  Junction already exists at C:\shakermaker_compiler\ShakerMaker
        Currently pointing to: C:\Dropbox\01. Brain\11. GitHub\ShakerMaker

        NonInteractive mode - using default: Y
        Existing junction removed

======================================================================
  STEP 2 - ShakerMaker Source Location
======================================================================

  Source path found in shakermaker.cfg:
  C:\Dropbox\01. Brain\11. GitHub\ShakerMaker

        NonInteractive mode - using default: Y
  [OK]  Source path validated: C:\Dropbox\01. Brain\11. GitHub\ShakerMaker

======================================================================
  STEP 3 - Create Junction
======================================================================
  [OK]  Directory already exists: C:\shakermaker_compiler
  [OK]  Junction created successfully
          C:\shakermaker_compiler\ShakerMaker
          => C:\Dropbox\01. Brain\11. GitHub\ShakerMaker

======================================================================
  STEP 4 - Update Config File
======================================================================
  [OK]  SHAKERMAKER_SOURCE saved to shakermaker.cfg

======================================================================
  STEP 5 - Verify Junction
======================================================================
  [OK]  Junction verified as reparse point
  [OK]  setup.py reachable at C:\shakermaker_compiler\ShakerMaker\setup.py : True

======================================================================
  Junction setup complete!
  Junction : C:\shakermaker_compiler\ShakerMaker
  Source   : C:\Dropbox\01. Brain\11. GitHub\ShakerMaker
  Log      : C:\Users\ppala\shakermaker_junction.log
  Next     : Run Step 3 - Build and Compile
======================================================================

**********************
Windows PowerShell transcript end
End time: 20260322151609
**********************
**********************
Windows PowerShell transcript start
Start time: 20260322151618
Username: LUISA\ppala
RunAs User: LUISA\ppala
Configuration Name: 
Machine: LUISA (Microsoft Windows NT 10.0.26200.0)
Host Application: PowerShell -ExecutionPolicy Bypass -File C:\Dropbox\01. Brain\11. GitHub\ShakerMaker\shakermaker_windows_compilation_files\SCRIPTS\03_shakermaker_build.ps1 -NonInteractive
Process ID: 41680
PSVersion: 5.1.26100.7920
PSEdition: Desktop
PSCompatibleVersions: 1.0, 2.0, 3.0, 4.0, 5.0, 5.1.26100.7920
BuildVersion: 10.0.26100.7920
CLRVersion: 4.0.30319.42000
WSManStackVersion: 3.0
PSRemotingProtocolVersion: 2.3
SerializationVersion: 1.1.0.1
**********************

======================================================================
  STEP 4 - Create sitecustomize.py
======================================================================
        Removed stale sitecustomize.py from Python base
  [OK]  sitecustomize.py created in venv: C:\Users\ppala\shakermaker_venv\Lib\site-packages\sitecustomize.py
  [OK]  sitecustomize.py created in Python base: C:\Users\ppala\AppData\Local\Programs\Python\Python310\Lib\site-packages\sitecustomize.py
  [OK]  sitecustomize.py contents verified

======================================================================
  STEP 4b - Add Intel paths to system PATH permanently
======================================================================
  [OK]  Already in system PATH: C:\Program Files (x86)\Intel\oneAPI\compiler\latest\bin
  [OK]  Already in system PATH: C:\Program Files (x86)\Intel\oneAPI\mpi\latest\bin
  [OK]  System PATH updated - Intel MPI and DLLs now available permanently

======================================================================
  STEP 5 - Smoke Test
======================================================================
  Testing core import inside initialized CMD...
  [OK]  core import OK

======================================================================
  Build complete!
  Venv    : C:\Users\ppala\shakermaker_venv
  Build   : C:\shakermaker_compiler\ShakerMaker
  Log     : C:\Users\ppala\shakermaker_build.log

  To activate your environment:
  C:\Users\ppala\shakermaker_venv\Scripts\Activate.ps1
======================================================================

**********************
Windows PowerShell transcript end
End time: 20260322151624
**********************
**********************
Windows PowerShell transcript start
Start time: 20260322151631
Username: LUISA\ppala
RunAs User: LUISA\ppala
Configuration Name: 
Machine: LUISA (Microsoft Windows NT 10.0.26200.0)
Host Application: PowerShell -ExecutionPolicy Bypass -File C:\Dropbox\01. Brain\11. GitHub\ShakerMaker\shakermaker_windows_compilation_files\SCRIPTS\01_shakermaker_setup.ps1 -NonInteractive
Process ID: 56004
PSVersion: 5.1.26100.7920
PSEdition: Desktop
PSCompatibleVersions: 1.0, 2.0, 3.0, 4.0, 5.0, 5.1.26100.7920
BuildVersion: 10.0.26100.7920
CLRVersion: 4.0.30319.42000
WSManStackVersion: 3.0
PSRemotingProtocolVersion: 2.3
SerializationVersion: 1.1.0.1
**********************

======================================================================
  STEP 0 - Clean stale sitecustomize.py
======================================================================
        Removed stale sitecustomize.py from Python base: C:\Users\ppala\AppData\Local\Programs\Python\Python310\Lib\site-packages\sitecustomize.py
  [OK]  Clean sitecustomize.py written to Python base
        Removed stale sitecustomize.py from venv

======================================================================
  STEP 1 - System Checklist
======================================================================
  [OK]  Git found: git version 2.53.0.windows.2
  [OK]  Python 3.10 found: Python 3.10.9
  [OK]  Visual Studio 2022 Community found
  [OK]  Intel oneAPI Base Toolkit found (MKL present)
  [OK]  Intel oneAPI HPC Toolkit found (ifx present)

======================================================================
  STEP 2 - Virtual Environment
======================================================================
  [OK]  Virtual environment shakermaker_venv already exists - will use it
        Path: C:\Users\ppala\shakermaker_venv

======================================================================
  STEP 3 - Python Dependencies Checklist
======================================================================
  [OK]  numpy 1.26.4 already installed
  [OK]  setuptools 65.5.0 already installed
  [OK]  wheel 0.46.3 already installed
  [OK]  h5py 3.16.0 already installed
  [OK]  mpi4py 4.1.1 already installed
  [OK]  matplotlib 3.10.8 already installed
  [OK]  scipy 1.15.3 already installed
  [OK]  pandas 2.3.3 already installed
  [OK]  numba 0.64.0 already installed

======================================================================
  STEP 4 - Installation Summary
======================================================================

  Everything is already installed. Nothing to do!

**********************
Windows PowerShell transcript end
End time: 20260322151632
**********************
**********************
Windows PowerShell transcript start
Start time: 20260322151633
Username: LUISA\ppala
RunAs User: LUISA\ppala
Configuration Name: 
Machine: LUISA (Microsoft Windows NT 10.0.26200.0)
Host Application: PowerShell -ExecutionPolicy Bypass -File C:\Dropbox\01. Brain\11. GitHub\ShakerMaker\shakermaker_windows_compilation_files\SCRIPTS\02_shakermaker_junction.ps1 -NonInteractive
Process ID: 61492
PSVersion: 5.1.26100.7920
PSEdition: Desktop
PSCompatibleVersions: 1.0, 2.0, 3.0, 4.0, 5.0, 5.1.26100.7920
BuildVersion: 10.0.26100.7920
CLRVersion: 4.0.30319.42000
WSManStackVersion: 3.0
PSRemotingProtocolVersion: 2.3
SerializationVersion: 1.1.0.1
**********************

======================================================================
  STEP 1 - Check Existing Junction
======================================================================
  [OK]  Junction already exists at C:\shakermaker_compiler\ShakerMaker
        Currently pointing to: C:\Dropbox\01. Brain\11. GitHub\ShakerMaker

        NonInteractive mode - using default: Y
        Existing junction removed

======================================================================
  STEP 2 - ShakerMaker Source Location
======================================================================

  Source path found in shakermaker.cfg:
  C:\Dropbox\01. Brain\11. GitHub\ShakerMaker

        NonInteractive mode - using default: Y
  [OK]  Source path validated: C:\Dropbox\01. Brain\11. GitHub\ShakerMaker

======================================================================
  STEP 3 - Create Junction
======================================================================
  [OK]  Directory already exists: C:\shakermaker_compiler
  [OK]  Junction created successfully
          C:\shakermaker_compiler\ShakerMaker
          => C:\Dropbox\01. Brain\11. GitHub\ShakerMaker

======================================================================
  STEP 4 - Update Config File
======================================================================
  [OK]  SHAKERMAKER_SOURCE saved to shakermaker.cfg

======================================================================
  STEP 5 - Verify Junction
======================================================================
  [OK]  Junction verified as reparse point
  [OK]  setup.py reachable at C:\shakermaker_compiler\ShakerMaker\setup.py : True

======================================================================
  Junction setup complete!
  Junction : C:\shakermaker_compiler\ShakerMaker
  Source   : C:\Dropbox\01. Brain\11. GitHub\ShakerMaker
  Log      : C:\Users\ppala\shakermaker_junction.log
  Next     : Run Step 3 - Build and Compile
======================================================================

**********************
Windows PowerShell transcript end
End time: 20260322151633
**********************
**********************
Windows PowerShell transcript start
Start time: 20260322151641
Username: LUISA\ppala
RunAs User: LUISA\ppala
Configuration Name: 
Machine: LUISA (Microsoft Windows NT 10.0.26200.0)
Host Application: PowerShell -ExecutionPolicy Bypass -File C:\Dropbox\01. Brain\11. GitHub\ShakerMaker\shakermaker_windows_compilation_files\SCRIPTS\03_shakermaker_build.ps1 -NonInteractive
Process ID: 48536
PSVersion: 5.1.26100.7920
PSEdition: Desktop
PSCompatibleVersions: 1.0, 2.0, 3.0, 4.0, 5.0, 5.1.26100.7920
BuildVersion: 10.0.26100.7920
CLRVersion: 4.0.30319.42000
WSManStackVersion: 3.0
PSRemotingProtocolVersion: 2.3
SerializationVersion: 1.1.0.1
**********************

======================================================================
  STEP 4 - Create sitecustomize.py
======================================================================
        Removed stale sitecustomize.py from Python base
  [OK]  sitecustomize.py created in venv: C:\Users\ppala\shakermaker_venv\Lib\site-packages\sitecustomize.py
  [OK]  sitecustomize.py created in Python base: C:\Users\ppala\AppData\Local\Programs\Python\Python310\Lib\site-packages\sitecustomize.py
  [OK]  sitecustomize.py contents verified

======================================================================
  STEP 4b - Add Intel paths to system PATH permanently
======================================================================
  [OK]  Already in system PATH: C:\Program Files (x86)\Intel\oneAPI\compiler\latest\bin
  [OK]  Already in system PATH: C:\Program Files (x86)\Intel\oneAPI\mpi\latest\bin
  [OK]  System PATH updated - Intel MPI and DLLs now available permanently

======================================================================
  STEP 5 - Smoke Test
======================================================================
  Testing core import inside initialized CMD...
  [OK]  core import OK

======================================================================
  Build complete!
  Venv    : C:\Users\ppala\shakermaker_venv
  Build   : C:\shakermaker_compiler\ShakerMaker
  Log     : C:\Users\ppala\shakermaker_build.log

  To activate your environment:
  C:\Users\ppala\shakermaker_venv\Scripts\Activate.ps1
======================================================================

**********************
Windows PowerShell transcript end
End time: 20260322151648
**********************
**********************
Windows PowerShell transcript start
Start time: 20260322152024
Username: LUISA\ppala
RunAs User: LUISA\ppala
Configuration Name: 
Machine: LUISA (Microsoft Windows NT 10.0.26200.0)
Host Application: PowerShell -ExecutionPolicy Bypass -File C:\Dropbox\01. Brain\11. GitHub\ShakerMaker\shakermaker_windows_compilation_files\SCRIPTS\01_shakermaker_setup.ps1 -NonInteractive
Process ID: 44920
PSVersion: 5.1.26100.7920
PSEdition: Desktop
PSCompatibleVersions: 1.0, 2.0, 3.0, 4.0, 5.0, 5.1.26100.7920
BuildVersion: 10.0.26100.7920
CLRVersion: 4.0.30319.42000
WSManStackVersion: 3.0
PSRemotingProtocolVersion: 2.3
SerializationVersion: 1.1.0.1
**********************

======================================================================
  STEP 0 - Clean stale sitecustomize.py
======================================================================
        Removed stale sitecustomize.py from Python base: C:\Users\ppala\AppData\Local\Programs\Python\Python310\Lib\site-packages\sitecustomize.py
  [OK]  Clean sitecustomize.py written to Python base

======================================================================
  STEP 1 - System Checklist
======================================================================
  [OK]  Git found: git version 2.53.0.windows.2
  [OK]  Python 3.10 found: Python 3.10.9
  [OK]  Visual Studio 2022 Community found
  [OK]  Intel oneAPI Base Toolkit found (MKL present)
  [OK]  Intel oneAPI HPC Toolkit found (ifx present)

======================================================================
  STEP 2 - Virtual Environment
======================================================================
  [--]  Virtual environment shakermaker_venv not found - will create it
        Path: C:\Users\ppala\shakermaker_venv

======================================================================
  STEP 3 - Python Dependencies Checklist
======================================================================
        Virtual environment not yet created - all deps will be installed after

======================================================================
  STEP 4 - Installation Summary
======================================================================

  System components to install:
    - VirtualEnv

  Python packages to install/update:
    - numpy==1.26.4
    - setuptools
    - wheel
    - h5py
    - mpi4py
    - matplotlib
    - scipy
    - pandas
    - numba

  Virtual environment : shakermaker_venv
  Location            : C:\Users\ppala\shakermaker_venv


======================================================================
  STEP 5 - Installing System Components
======================================================================
  Creating virtual environment shakermaker_venv ...

  [OK]  Virtual environment created at C:\Users\ppala\shakermaker_venv

======================================================================
  STEP 6 - Upgrading pip
======================================================================

  [OK]  pip upgraded: pip 26.0.1 from C:\Users\ppala\shakermaker_venv\lib\site-packages\pip (python 3.10)

======================================================================
  STEP 7 - Installing Python Dependencies
======================================================================
  Installing numpy==1.26.4 ...

  [OK]  numpy==1.26.4 installed
  Installing setuptools ...

  [OK]  setuptools installed
  Installing wheel ...

  [OK]  wheel installed
  Installing h5py ...

  [OK]  h5py installed
  Installing mpi4py ...

  [OK]  mpi4py installed
  Installing matplotlib ...

  [OK]  matplotlib installed
  Installing scipy ...

  [OK]  scipy installed
  Installing pandas ...

  [OK]  pandas installed
  Installing numba ...

  [OK]  numba installed

======================================================================
  STEP 8 - Fix Python Base sitecustomize.py
======================================================================
        Removed stale sitecustomize.py from Python base
  [OK]  sitecustomize.py written to Python base: C:\Users\ppala\AppData\Local\Programs\Python\Python310\Lib\site-packages\sitecustomize.py

======================================================================
  STEP 9 - Final Verification
======================================================================
  [OK]  Virtual env Python: Python 3.10.9
  [OK]  numpy 1.26.4
  [OK]  setuptools 65.5.0
  [OK]  wheel 0.46.3
  [OK]  h5py 3.16.0
  [OK]  mpi4py 4.1.1
  [OK]  matplotlib 3.10.8
  [OK]  scipy 1.15.3
  [OK]  pandas 2.3.3
  [OK]  numba 0.64.0

======================================================================
  Setup complete!
  Venv : shakermaker_venv  at  C:\Users\ppala\shakermaker_venv
  Log  : C:\Users\ppala\shakermaker_setup.log
  Next : Run Step 2 - Junction Setup
======================================================================

**********************
Windows PowerShell transcript end
End time: 20260322152148
**********************
**********************
Windows PowerShell transcript start
Start time: 20260322152149
Username: LUISA\ppala
RunAs User: LUISA\ppala
Configuration Name: 
Machine: LUISA (Microsoft Windows NT 10.0.26200.0)
Host Application: PowerShell -ExecutionPolicy Bypass -File C:\Dropbox\01. Brain\11. GitHub\ShakerMaker\shakermaker_windows_compilation_files\SCRIPTS\02_shakermaker_junction.ps1 -NonInteractive
Process ID: 48296
PSVersion: 5.1.26100.7920
PSEdition: Desktop
PSCompatibleVersions: 1.0, 2.0, 3.0, 4.0, 5.0, 5.1.26100.7920
BuildVersion: 10.0.26100.7920
CLRVersion: 4.0.30319.42000
WSManStackVersion: 3.0
PSRemotingProtocolVersion: 2.3
SerializationVersion: 1.1.0.1
**********************

======================================================================
  STEP 1 - Check Existing Junction
======================================================================
  [OK]  Junction already exists at C:\shakermaker_compiler\ShakerMaker
        Currently pointing to: C:\Dropbox\01. Brain\11. GitHub\ShakerMaker

Confirm
The item at C:\shakermaker_compiler\ShakerMaker has children and the Recurse parameter was not specified. If you continue, all children will be removed with the item. Are you sure you want to continue?
&Yes  Yes to &All  &No  No to A&ll  &Suspend
Y
        Existing junction removed

======================================================================
  STEP 2 - ShakerMaker Source Location
======================================================================

  Source path found in shakermaker.cfg:
  C:\Dropbox\01. Brain\11. GitHub\ShakerMaker

  [OK]  Source path validated: C:\Dropbox\01. Brain\11. GitHub\ShakerMaker

======================================================================
  STEP 3 - Create Junction
======================================================================
  [OK]  Directory already exists: C:\shakermaker_compiler
  [OK]  Junction created successfully
          C:\shakermaker_compiler\ShakerMaker
          => C:\Dropbox\01. Brain\11. GitHub\ShakerMaker

======================================================================
  STEP 4 - Update Config File
======================================================================
  [OK]  SHAKERMAKER_SOURCE saved to shakermaker.cfg

======================================================================
  STEP 5 - Verify Junction
======================================================================
  [OK]  Junction verified as reparse point
  [OK]  setup.py reachable at C:\shakermaker_compiler\ShakerMaker\setup.py : True

======================================================================
  Junction setup complete!
  Junction : C:\shakermaker_compiler\ShakerMaker
  Source   : C:\Dropbox\01. Brain\11. GitHub\ShakerMaker
  Log      : C:\Users\ppala\shakermaker_junction.log
  Next     : Run Step 3 - Build and Compile
======================================================================

**********************
Windows PowerShell transcript end
End time: 20260322152159
**********************
**********************
Windows PowerShell transcript start
Start time: 20260322152220
Username: LUISA\ppala
RunAs User: LUISA\ppala
Configuration Name: 
Machine: LUISA (Microsoft Windows NT 10.0.26200.0)
Host Application: PowerShell -ExecutionPolicy Bypass -File C:\Dropbox\01. Brain\11. GitHub\ShakerMaker\shakermaker_windows_compilation_files\SCRIPTS\03_shakermaker_build.ps1 -NonInteractive
Process ID: 55700
PSVersion: 5.1.26100.7920
PSEdition: Desktop
PSCompatibleVersions: 1.0, 2.0, 3.0, 4.0, 5.0, 5.1.26100.7920
BuildVersion: 10.0.26100.7920
CLRVersion: 4.0.30319.42000
WSManStackVersion: 3.0
PSRemotingProtocolVersion: 2.3
SerializationVersion: 1.1.0.1
**********************

======================================================================
  STEP 4 - Create sitecustomize.py
======================================================================
        Removed stale sitecustomize.py from Python base
  [OK]  sitecustomize.py created in venv: C:\Users\ppala\shakermaker_venv\Lib\site-packages\sitecustomize.py
  [OK]  sitecustomize.py created in Python base: C:\Users\ppala\AppData\Local\Programs\Python\Python310\Lib\site-packages\sitecustomize.py
  [OK]  sitecustomize.py contents verified

======================================================================
  STEP 4b - Add Intel paths to system PATH permanently
======================================================================
  [OK]  Already in system PATH: C:\Program Files (x86)\Intel\oneAPI\compiler\latest\bin
  [OK]  Already in system PATH: C:\Program Files (x86)\Intel\oneAPI\mpi\latest\bin
  [OK]  System PATH updated - Intel MPI and DLLs now available permanently

======================================================================
  STEP 5 - Smoke Test
======================================================================
  Testing core import inside initialized CMD...
  [OK]  core import OK

======================================================================
  Build complete!
  Venv    : C:\Users\ppala\shakermaker_venv
  Build   : C:\shakermaker_compiler\ShakerMaker
  Log     : C:\Users\ppala\shakermaker_build.log

  To activate your environment:
  C:\Users\ppala\shakermaker_venv\Scripts\Activate.ps1
======================================================================

**********************
Windows PowerShell transcript end
End time: 20260322152230
**********************
